<?xml version="1.0" encoding="UTF-8"?>
<testsuite name="mobileTests.Calc" tests="1" skipped="0" failures="0" errors="0" timestamp="2021-08-10T02:48:30" hostname="DESKTOP-C1MSR2J" time="6.24">
  <properties/>
  <testcase name="subtracao" classname="mobileTests.Calc" time="6.24"/>
  <system-out><![CDATA[]]></system-out>
  <system-err><![CDATA[]]></system-err>
</testsuite>
