<?xml version="1.0" encoding="UTF-8"?>
<testsuite name="mobileTests.Calc" tests="1" skipped="0" failures="0" errors="0" timestamp="2021-08-10T01:54:59" hostname="DESKTOP-C1MSR2J" time="9.006">
  <properties/>
  <testcase name="subtracao" classname="mobileTests.Calc" time="9.006"/>
  <system-out><![CDATA[]]></system-out>
  <system-err><![CDATA[]]></system-err>
</testsuite>
